        -:    0:Source:src/kerosene.c
        -:    0:Programs:1
        -:    1:#include "kerosene.i"
        -:    2:#include <stdio.h>
        -:    3:int LG=1;
function kerosene called 2 returned 100% blocks executed 100%
        2:    4:int kerosene(int v, int br, int k) {
        2:    5:printf("v =  %d, br = %d , k = %d \n",v,br,k);
call    0 returned 100%
        2:    6:if (v>1 &&br==0) {
branch  0 taken 100% (fallthrough)
branch  1 taken 0%
branch  2 taken 50% (fallthrough)
branch  3 taken 50%
        1:    7:k=k/v;
        -:    8:}
        2:    9:if (v==2 || k>1) {
branch  0 taken 50% (fallthrough)
branch  1 taken 50%
branch  2 taken 0% (fallthrough)
branch  3 taken 100%
        1:   10:k=k+1;
        1:   11:LG= 0;
        -:   12:}
        2:   13:return k;
        -:   14:}
        -:   15:
